C51 COMPILER V9.54   APP                                                                   10/24/2018 22:25:22 PAGE 1   


C51 COMPILER V9.54, COMPILATION OF MODULE APP
OBJECT MODULE PLACED IN app.OBJ
COMPILER INVOKED BY: E:\单片机\C51\BIN\C51.EXE app.c OPTIMIZE(8,SPEED) BROWSE DEBUG OBJECTEXTEND TABS(2)

line level    source

   1          //==================================================================
   2          //文件名称: 流水灯应用函数文件
   3          //功能说明: 实现流水灯
   4          //硬件描述: P1口
   5          //资源说明: 11.0592M晶体
   6          //创建日期: 2015/11/13
   7          //软件版本: v 1.1     
   8          //==================================================================
   9          
  10          //==========================包含头文件==============================
  11          #include "app.h"
  12          #include "delay.h"
  13          
  14          //=============================宏定义===============================
  15          #define  LED_Port    P1
  16          
  17          //==================================================================
  18          //函 数 名:  Mn_App()
  19          //功能描述:  实现流水灯的功能
  20          //输入参数: 
  21          //输出参数: 
  22          //设 计 者：
  23          //创建日期：
  24          //==================================================================
  25          void Mn_App(void)
  26          {     
  27   1        uchar i;
  28   1        uchar LED_flow=0xfe;
  29   1          //左移
  30   1        for(i=0;i<8;i++)
  31   1        { 
  32   2            LED_Port=LED_flow;
  33   2          Delay_Ms(200);
  34   2          LED_flow<<=1;
  35   2          LED_flow++;       
  36   2        }
  37   1          //右移
  38   1        LED_flow-=0x80;
  39   1        for(i=0;i<6;i++)
  40   1        {   
  41   2          LED_flow>>=1;
  42   2          LED_flow+=0x80;
  43   2          LED_Port=LED_flow;
  44   2          Delay_Ms(200);  
  45   2        }   
  46   1      }
  47          
  48          


MODULE INFORMATION:   STATIC OVERLAYABLE
   CODE SIZE        =     71    ----
   CONSTANT SIZE    =   ----    ----
   XDATA SIZE       =   ----    ----
   PDATA SIZE       =   ----    ----
C51 COMPILER V9.54   APP                                                                   10/24/2018 22:25:22 PAGE 2   

   DATA SIZE        =   ----       2
   IDATA SIZE       =   ----    ----
   BIT SIZE         =   ----    ----
END OF MODULE INFORMATION.


C51 COMPILATION COMPLETE.  0 WARNING(S),  0 ERROR(S)
