C51 COMPILER V9.54   DELAY                                                                 10/24/2018 22:25:22 PAGE 1   


C51 COMPILER V9.54, COMPILATION OF MODULE DELAY
OBJECT MODULE PLACED IN delay.OBJ
COMPILER INVOKED BY: E:\单片机\C51\BIN\C51.EXE delay.c OPTIMIZE(8,SPEED) BROWSE DEBUG OBJECTEXTEND TABS(2)

line level    source

   1          //==================================================================
   2          //文件名称: 延时函数文件
   3          //功能说明: 实现1ms的延时
   4          //硬件描述: 
   5          //资源说明: 11.0592M晶体
   6          //创建日期: 2015/11/13
   7          //软件版本: v 1.1     
   8          //==================================================================
   9          
  10          //==========================包含头文件==============================
  11          #include "delay.h"
  12          
  13          //==================================================================
  14          //函 数 名: Delay_MS(uint n)
  15          //功能描述: 1ms延时
  16          //输入参数: n
  17          //输出参数: 无
  18          //设 计 者：   
  19          //创建日期：
  20          //==================================================================
  21          void Delay_MS(uint n)
  22          {
  23   1                 
  24   1        int i=0,j=0;
  25   1        for(i=0;i<=n;i++)
  26   1        {
  27   2          for(j=0;j<=113;j++);  
  28   2        }
  29   1          
  30   1      }


MODULE INFORMATION:   STATIC OVERLAYABLE
   CODE SIZE        =     32    ----
   CONSTANT SIZE    =   ----    ----
   XDATA SIZE       =   ----    ----
   PDATA SIZE       =   ----    ----
   DATA SIZE        =   ----    ----
   IDATA SIZE       =   ----    ----
   BIT SIZE         =   ----    ----
END OF MODULE INFORMATION.


C51 COMPILATION COMPLETE.  0 WARNING(S),  0 ERROR(S)
