C51 COMPILER V9.01   LED                                                                   10/14/2016 22:41:52 PAGE 1   


C51 COMPILER V9.01, COMPILATION OF MODULE LED
OBJECT MODULE PLACED IN led.OBJ
COMPILER INVOKED BY: C:\Keil_v5\C51\BIN\C51.EXE led.c OPTIMIZE(8,SPEED) BROWSE DEBUG OBJECTEXTEND

line level    source

   1          //==================================================================
   2          //文件名称:     流水灯文件
   3          //功能说明: 实现流水灯
   4          //硬件描述: P1口
   5          //资源说明: 11.0592M晶体
   6          //创建日期: 2015/11/13
   7          //软件版本: v 1.1     
   8          //==================================================================
   9          //==========================包含头文件==============================
  10          #include "led.h"
  11          #include "delay.h"
  12          
  13          //=============================宏定义===============================
  14          #define LED_Port P1
  15          
  16          //==================================================================
  17          //函 数 名:  Mn_App()
  18          //功能描述:  实现流水灯的功能
  19          //输入参数: 
  20          //输出参数:     
  21          //设 计 者：
  22          //创建日期：
  23          //==================================================================
  24          void Mn_App(void)
  25          {           
  26   1              uchar i;
  27   1              uchar LED_flow=0xfe;
  28   1              for(i=0;i<8;i++)
  29   1              {       
  30   2      
  31   2              LED_Port=LED_flow;
  32   2                      Delay_Ms(200);
  33   2                      LED_flow<<=1;
  34   2                      LED_flow++;     
  35   2                              
  36   2              } 
  37   1              LED_flow-=0x80;
  38   1              for(i=0;i<7;i++)
  39   1              {
  40   2                      
  41   2                      LED_flow>>=1;
  42   2                      LED_flow+=0x80;
  43   2                      LED_Port=LED_flow;
  44   2                      Delay_Ms(200);
  45   2              
  46   2              }               
  47   1      }
  48          
  49          
  50          /*__________________________THE END ______________________*/


MODULE INFORMATION:   STATIC OVERLAYABLE
   CODE SIZE        =     71    ----
   CONSTANT SIZE    =   ----    ----
C51 COMPILER V9.01   LED                                                                   10/14/2016 22:41:52 PAGE 2   

   XDATA SIZE       =   ----    ----
   PDATA SIZE       =   ----    ----
   DATA SIZE        =   ----       2
   IDATA SIZE       =   ----    ----
   BIT SIZE         =   ----    ----
END OF MODULE INFORMATION.


C51 COMPILATION COMPLETE.  0 WARNING(S),  0 ERROR(S)
