C51 COMPILER V9.54   LIGHT_FLOW                                                            10/09/2018 20:00:57 PAGE 1   


C51 COMPILER V9.54, COMPILATION OF MODULE LIGHT_FLOW
OBJECT MODULE PLACED IN light_flow.OBJ
COMPILER INVOKED BY: E:\单片机\C51\BIN\C51.EXE light_flow.c OPTIMIZE(8,SPEED) BROWSE DEBUG OBJECTEXTEND TABS(2)

line level    source

   1          //==================================================================
   2          //文件名称: LED显示函数
   3          //功能说明: 发光二级管的闪烁
   4          //硬件描述: P1口
   5          //资源说明: 11.0592M晶体
   6          //创建日期: 2015/11/13
   7          //软件版本: v 1.1     
   8          //==================================================================
   9          
  10          //==========================包含头文件==============================
  11          #include <reg51.h>
  12          
  13          //=============================宏定义===============================
  14          #define uchar  unsigned char
  15          #define uint   unsigned int
  16          
  17          #define ledPort P1                                                    
  18          
  19          #define led_On()   ledPort=0x00                                       //灯全亮
  20          #define led_Off()  ledPort=0xff                                       //灯全灭
  21          
  22          //==================================================================
  23          //函 数 名: Delay_Ms()
  24          //功能描述: 1ms延时函数（113是根据汇编指令周期计算得来的）
  25          //输入参数: uint n
  26          //输出参数: 
  27          //设 计 者：
  28          //创建日期：
  29          //==================================================================
  30          void Delay_Ms(uint n)
  31          {
  32   1        uint data i,j;
  33   1        for(i=0;i<n;i++)
  34   1        for(j=0;j<113;j++);
  35   1      }
  36          //==================================================================
  37          //函 数 名:  main()
  38          //功能描述: 包括主循环，实现八个灯的闪烁
  39          //输入参数: 
  40          //输出参数: 
  41          //设 计 者：
  42          //创建日期：
  43          //==================================================================
  44          void  main()
  45          {
  46   1        ledPort=0x00;                                                    //初始化
  47   1        while(1)
  48   1        {
  49   2          led_On();
  50   2          Delay_Ms(200);
  51   2          led_Off();
  52   2          Delay_Ms(200);
  53   2        }
  54   1      }
  55          
C51 COMPILER V9.54   LIGHT_FLOW                                                            10/09/2018 20:00:57 PAGE 2   

  56          
  57          
  58          


MODULE INFORMATION:   STATIC OVERLAYABLE
   CODE SIZE        =     52    ----
   CONSTANT SIZE    =   ----    ----
   XDATA SIZE       =   ----    ----
   PDATA SIZE       =   ----    ----
   DATA SIZE        =   ----    ----
   IDATA SIZE       =   ----    ----
   BIT SIZE         =   ----    ----
END OF MODULE INFORMATION.


C51 COMPILATION COMPLETE.  0 WARNING(S),  0 ERROR(S)
