C51 COMPILER V9.54   FENGMINGQI                                                            10/12/2018 22:26:54 PAGE 1   


C51 COMPILER V9.54, COMPILATION OF MODULE FENGMINGQI
OBJECT MODULE PLACED IN .\Objects\fengmingqi.obj
COMPILER INVOKED BY: E:\µ¥Æ¬»ú\C51\BIN\C51.EXE fengmingqi.c OPTIMIZE(8,SPEED) BROWSE DEBUG OBJECTEXTEND PRINT(.\Listings
                    -\fengmingqi.lst) TABS(2) OBJECT(.\Objects\fengmingqi.obj)

line level    source

   1          #include<reg52.h>
   2          #define uint unsigned int
   3          
   4          sbit a=P2^3;
   5          
   6          void Delay_Ms(uint n){
   7   1       uint i;
   8   1       while(n--){
   9   2         for(i=0;i<113;i++);
  10   2         }
  11   1      }
  12          
  13          void main(){
  14   1        while(1){
  15   2         a=~a;
  16   2         Delay_Ms(1000);
  17   2        } 
  18   1      }


MODULE INFORMATION:   STATIC OVERLAYABLE
   CODE SIZE        =     41    ----
   CONSTANT SIZE    =   ----    ----
   XDATA SIZE       =   ----    ----
   PDATA SIZE       =   ----    ----
   DATA SIZE        =   ----    ----
   IDATA SIZE       =   ----    ----
   BIT SIZE         =   ----    ----
END OF MODULE INFORMATION.


C51 COMPILATION COMPLETE.  0 WARNING(S),  0 ERROR(S)
