C51 COMPILER V9.54   RIGHT_MOVE                                                            10/09/2018 20:54:31 PAGE 1   


C51 COMPILER V9.54, COMPILATION OF MODULE RIGHT_MOVE
OBJECT MODULE PLACED IN .\Objects\right_move.obj
COMPILER INVOKED BY: E:\单片机\C51\BIN\C51.EXE right_move.c OPTIMIZE(8,SPEED) BROWSE DEBUG OBJECTEXTEND PRINT(.\Listings
                    -\right_move.lst) TABS(2) OBJECT(.\Objects\right_move.obj)

line level    source

   1          //==================================================================
   2          //文件名称: LED循环右移
   3          //功能说明: 发光二级管的闪烁
   4          //硬件描述: P1口
   5          //资源说明: 11.0592M晶体
   6          //创建日期: 2018/10/9
   7          //软件版本: v 1.1     
   8          //==================================================================
   9          
  10          #include<reg52.h>
  11          #include<intrins.h>
  12          
  13          unsigned char a=0x7f;
  14          
  15          void Delay_Ms(unsigned int n){
  16   1        unsigned int i;
  17   1        while(n--){
  18   2         for( i=0;i<113;i++);
  19   2        }
  20   1      }
  21          
  22          void main(){
  23   1        P1=a;
  24   1        while(1){
  25   2          a=_cror_(a,1);
  26   2          P1=a;
  27   2          Delay_Ms(500);
  28   2        }
  29   1      }


MODULE INFORMATION:   STATIC OVERLAYABLE
   CODE SIZE        =     57    ----
   CONSTANT SIZE    =   ----    ----
   XDATA SIZE       =   ----    ----
   PDATA SIZE       =   ----    ----
   DATA SIZE        =      1    ----
   IDATA SIZE       =   ----    ----
   BIT SIZE         =   ----    ----
END OF MODULE INFORMATION.


C51 COMPILATION COMPLETE.  0 WARNING(S),  0 ERROR(S)
