C51 COMPILER V9.54   LEFT_MOVE                                                             10/09/2018 20:30:37 PAGE 1   


C51 COMPILER V9.54, COMPILATION OF MODULE LEFT_MOVE
OBJECT MODULE PLACED IN .\Objects\left_move.obj
COMPILER INVOKED BY: E:\单片机\C51\BIN\C51.EXE left_move.c OPTIMIZE(8,SPEED) BROWSE DEBUG OBJECTEXTEND PRINT(.\Listings\
                    -left_move.lst) TABS(2) OBJECT(.\Objects\left_move.obj)

line level    source

   1          //==================================================================
   2          //文件名称: LED显示函数
   3          //功能说明: 发光二级管的闪烁
   4          //硬件描述: P1口
   5          //资源说明: 11.0592M晶体
   6          //创建日期: 2018/10/9
   7          //软件版本: v 1.1     
   8          //==================================================================
   9          
  10          #include<reg52.h>
  11          #include<intrins.h>
  12          unsigned char a=0xfe;
  13          
  14          void Delay_Ms(int n);
  15          void main(){
  16   1           P1 = a;
  17   1           while(1){
  18   2           a=_crol_(a,1);
  19   2           P1=a;
  20   2           Delay_Ms(500);
  21   2          }
  22   1          
  23   1      }
  24          void Delay_Ms(int n)
  25          {
  26   1        int data i,j;
  27   1        for(i=0;i<n;i++)
  28   1        for(j=0;j<113;j++);
  29   1      }


MODULE INFORMATION:   STATIC OVERLAYABLE
   CODE SIZE        =     65    ----
   CONSTANT SIZE    =   ----    ----
   XDATA SIZE       =   ----    ----
   PDATA SIZE       =   ----    ----
   DATA SIZE        =      1    ----
   IDATA SIZE       =   ----    ----
   BIT SIZE         =   ----    ----
END OF MODULE INFORMATION.


C51 COMPILATION COMPLETE.  0 WARNING(S),  0 ERROR(S)
