C51 COMPILER V9.54   ZONGHE                                                                10/12/2018 23:20:03 PAGE 1   


C51 COMPILER V9.54, COMPILATION OF MODULE ZONGHE
OBJECT MODULE PLACED IN .\Objects\zonghe.obj
COMPILER INVOKED BY: E:\单片机\C51\BIN\C51.EXE zonghe.c OPTIMIZE(8,SPEED) BROWSE DEBUG OBJECTEXTEND PRINT(.\Listings\zon
                    -ghe.lst) TABS(2) OBJECT(.\Objects\zonghe.obj)

line level    source

   1          //==================================================================
   2          //文件名称: 综合显示
   3          //功能说明: 数码管显示
   4          //硬件描述: P0口
   5          //资源说明: 11.0592M晶体
   6          //创建日期: 2018/10/9
   7          //软件版本: v 1.1     
   8          //==================================================================
   9          #include<reg52.h>
  10          #include<intrins.h>
  11          #define uchar unsigned char 
  12          #define uint unsigned int
  13          
  14          void Delay_Ms(uint n);
  15          
  16          
  17          
  18          //录入数码管字形码
  19          uchar code SegCode[]={0x3F,0x06,0x5B,0x4F,0x66,0x6D,0x7D,0x07,0x7F,0x6F,0x77,0x7C,0x39,0x5E,0x79,0x71,0x73
             -,0x80,0x00};
  20          sbit dula = P2^6;   //锁存器
  21          sbit wela = P2^7; 
  22          uchar a=0xfe;
  23          sbit b=P2^3;
  24          uchar num;
  25          
  26          void Delay_Ms(uint n)
  27          {
  28   1        int data i,j;
  29   1        for(i=0;i<n;i++)
  30   1        for(j=0;j<113;j++);
  31   1      }
  32          
  33          
  34          void FengMingQi(){
  35   1      
  36   1         b=~b;
  37   1         Delay_Ms(1000);
  38   1      }
  39          
  40          
  41          
  42          void led(){
  43   1           P1 = a;
  44   1           while(1){
  45   2             a=_crol_(a,1);
  46   2             P1=a;
  47   2             Delay_Ms(500);
  48   2          }
  49   1          
  50   1      }
  51          
  52          void main()
  53          {
C51 COMPILER V9.54   ZONGHE                                                                10/12/2018 23:20:03 PAGE 2   

  54   1        wela = 1;
  55   1        P0 = 0x00;
  56   1        wela = 0;
  57   1        while(1)
  58   1        {
  59   2          for(num = 0;num<19;num++)
  60   2          {
  61   3            dula = 1;
  62   3            P0 = SegCode[num];
  63   3            Delay_Ms(500);
  64   3            dula = 0;
  65   3          }
  66   2          FengMingQi();
  67   2          led();
  68   2          
  69   2        }
  70   1      }


MODULE INFORMATION:   STATIC OVERLAYABLE
   CODE SIZE        =    114    ----
   CONSTANT SIZE    =     19    ----
   XDATA SIZE       =   ----    ----
   PDATA SIZE       =   ----    ----
   DATA SIZE        =      2    ----
   IDATA SIZE       =   ----    ----
   BIT SIZE         =   ----    ----
END OF MODULE INFORMATION.


C51 COMPILATION COMPLETE.  0 WARNING(S),  0 ERROR(S)
