C51 COMPILER V9.05   DELAY                                                                 10/18/2016 21:15:36 PAGE 1   


C51 COMPILER V9.05, COMPILATION OF MODULE DELAY
OBJECT MODULE PLACED IN delay.OBJ
COMPILER INVOKED BY: D:\Program Files\KEIL\C51\BIN\C51.EXE delay.c BROWSE DEBUG OBJECTEXTEND

line level    source

   1          /*__________________________包含头文件__________________________*/
   2          #include "delay.h"
   3          //==================================================================
   4          //函 数 名: Delay_MS(int a)
   5          //功能描述: 1ms延时函数
   6          //输入参数: 
   7          //输出参数:     
   8          //设 计 者：
   9          //创建日期：
  10          //==================================================================
  11          void delay(uint a)
  12          {
  13   1              uint i=0,j=0;
  14   1              for(i=0;i<=a;i++)
  15   1                      for(j=0;j<=113;j++);    
  16   1      }
  17          /*____________________________THE END __________________________*/


MODULE INFORMATION:   STATIC OVERLAYABLE
   CODE SIZE        =     32    ----
   CONSTANT SIZE    =   ----    ----
   XDATA SIZE       =   ----    ----
   PDATA SIZE       =   ----    ----
   DATA SIZE        =   ----    ----
   IDATA SIZE       =   ----    ----
   BIT SIZE         =   ----    ----
END OF MODULE INFORMATION.


C51 COMPILATION COMPLETE.  0 WARNING(S),  0 ERROR(S)
