C51 COMPILER V9.05   MAIN                                                                  10/18/2016 21:15:36 PAGE 1   


C51 COMPILER V9.05, COMPILATION OF MODULE MAIN
OBJECT MODULE PLACED IN main.OBJ
COMPILER INVOKED BY: D:\Program Files\KEIL\C51\BIN\C51.EXE main.c BROWSE DEBUG OBJECTEXTEND

line level    source

   1          //==================================================================
   2          //文件名称:     花样流水灯
   3          //功能说明: 
   4          //硬件描述:
   5          //资源说明: 11.0592M晶体
   6          //创建日期: 2015/11/4
   7          //软件版本: v 1.1     
   8          //==================================================================
   9          
  10          //======================包含头文件==================================
  11          #include   "led.h"
  12          
  13          //==================================================================
  14          //函 数 名:  main()
  15          //功能描述: 包括主循环，调用函数
  16          //输入参数: 
  17          //输出参数:     
  18          //设 计 者：
  19          //创建日期：
  20          //==================================================================
  21          void main()
  22          {
  23   1              while(1)
  24   1              {
  25   2              Mn_Led_Player();
  26   2              }
  27   1      }


MODULE INFORMATION:   STATIC OVERLAYABLE
   CODE SIZE        =      5    ----
   CONSTANT SIZE    =   ----    ----
   XDATA SIZE       =   ----    ----
   PDATA SIZE       =   ----    ----
   DATA SIZE        =   ----    ----
   IDATA SIZE       =   ----    ----
   BIT SIZE         =   ----    ----
END OF MODULE INFORMATION.


C51 COMPILATION COMPLETE.  0 WARNING(S),  0 ERROR(S)
